Change Component Designator: Old Designator=C1 New Designator=C3
Change Component Designator: Old Designator=C2 New Designator=C8
Change Component Designator: Old Designator=C3 New Designator=C9
Change Component Designator: Old Designator=C4 New Designator=C10
Change Component Designator: Old Designator=C5 New Designator=C11
Change Component Designator: Old Designator=C6 New Designator=C12
Change Component Designator: Old Designator=C7 New Designator=C13
Change Component Designator: Old Designator=C8 New Designator=C14
Change Component Designator: Old Designator=C9 New Designator=C15
Change Component Designator: Old Designator=C10 New Designator=C16
Change Component Designator: Old Designator=C11 New Designator=C17
Change Component Designator: Old Designator=C12 New Designator=C18
Change Component Designator: Old Designator=C13 New Designator=C19
Change Component Designator: Old Designator=C14 New Designator=C20
Change Component Designator: Old Designator=C15 New Designator=C21
Change Component Designator: Old Designator=C16 New Designator=C22
Change Component Designator: Old Designator=C17 New Designator=C23
Change Component Designator: Old Designator=C18 New Designator=C24
Change Component Designator: Old Designator=C19 New Designator=C25
Change Component Designator: Old Designator=C20 New Designator=C1
Change Component Designator: Old Designator=C21 New Designator=C2
Change Component Designator: Old Designator=C22 New Designator=C4
Change Component Designator: Old Designator=C23 New Designator=C5
Change Component Designator: Old Designator=C24 New Designator=C6
Change Component Designator: Old Designator=C25 New Designator=C7
Change Component Designator: Old Designator=P1 New Designator=P5
Change Component Designator: Old Designator=P4 New Designator=P7
Change Component Designator: Old Designator=P5 New Designator=P8
Change Component Designator: Old Designator=P6 New Designator=P4
Change Component Designator: Old Designator=P7 New Designator=P6
Change Component Designator: Old Designator=Q4 New Designator=Q1
Change Component Designator: Old Designator=R11 New Designator=R9
Change Component Designator: Old Designator=R12 New Designator=R10
Change Component Designator: Old Designator=R13 New Designator=R11
Change Component Designator: Old Designator=R14 New Designator=R12
Change Component Designator: Old Designator=R15 New Designator=R13
Change Component Designator: Old Designator=R16 New Designator=R14
Change Component Designator: Old Designator=R17 New Designator=R15
Change Component Designator: Old Designator=R20 New Designator=R16
Change Component Designator: Old Designator=R21 New Designator=R17
Change Component Designator: Old Designator=R22 New Designator=R18
Change Component Designator: Old Designator=R27 New Designator=R19
Change Component Designator: Old Designator=R28 New Designator=R20
Change Component Designator: Old Designator=R29 New Designator=R21
Change Component Designator: Old Designator=R32 New Designator=R22
Change Component Designator: Old Designator=R33 New Designator=R23
Change Component Designator: Old Designator=R36 New Designator=R24
Change Component Designator: Old Designator=R37 New Designator=R25
Change Component Designator: Old Designator=R38 New Designator=R26
Change Component Designator: Old Designator=S5 New Designator=S6
Change Component Designator: Old Designator=S6 New Designator=S5
Change Component Designator: Old Designator=U1 New Designator=U2
Change Component Designator: Old Designator=U2 New Designator=U4
Change Component Designator: Old Designator=U3 New Designator=U5
Change Component Designator: Old Designator=U4 New Designator=U6
Change Component Designator: Old Designator=U5 New Designator=U7
Change Component Designator: Old Designator=U6 New Designator=U1
Change Component Designator: Old Designator=U7 New Designator=U3
