Added Component: Designator=C20(0603)
Added Component: Designator=C21(0603)
Added Component: Designator=C22(0603)
Added Component: Designator=C23(0805)
Added Component: Designator=C24(0603)
Added Component: Designator=C25(0603)
Added Pin To Net: NetName=5V Pin=C20-1
Added Pin To Net: NetName=GND Pin=C20-2
Added Pin To Net: NetName=3.3V Pin=C21-1
Added Pin To Net: NetName=GND Pin=C21-2
Added Pin To Net: NetName=5V Pin=C22-1
Added Pin To Net: NetName=GND Pin=C22-2
Added Pin To Net: NetName=5V Pin=C23-1
Added Pin To Net: NetName=GND Pin=C23-2
Added Pin To Net: NetName=5V Pin=C24-1
Added Pin To Net: NetName=GND Pin=C24-2
Added Pin To Net: NetName=3.3V Pin=C25-1
Added Pin To Net: NetName=GND Pin=C25-2
Added Member To Class: ClassName=Schematic Member=Component C20 100nF
Added Member To Class: ClassName=Schematic Member=Component C21 100nF
Added Member To Class: ClassName=Schematic Member=Component C22 100nF
Added Member To Class: ClassName=Schematic Member=Component C23 1uF
Added Member To Class: ClassName=Schematic Member=Component C24 100nF
Added Member To Class: ClassName=Schematic Member=Component C25 100nF
