Change Component Designator: OldDesignator=C? NewDesignator=C1
Change Component Designator: OldDesignator=C? NewDesignator=C2
Change Component Designator: OldDesignator=C? NewDesignator=C3
Change Component Designator: OldDesignator=C? NewDesignator=C4
Change Component Designator: OldDesignator=C? NewDesignator=C5
Change Component Designator: OldDesignator=C? NewDesignator=C6
Change Component Designator: OldDesignator=C? NewDesignator=C7
Change Component Designator: OldDesignator=C? NewDesignator=C8
Change Component Designator: OldDesignator=C? NewDesignator=C9
Change Component Designator: OldDesignator=C? NewDesignator=C10
Change Component Designator: OldDesignator=C? NewDesignator=C11
Change Component Designator: OldDesignator=C? NewDesignator=C12
Change Component Designator: OldDesignator=C? NewDesignator=C13
Change Component Designator: OldDesignator=C? NewDesignator=C14
Change Component Designator: OldDesignator=C? NewDesignator=C15
Change Component Designator: OldDesignator=C? NewDesignator=C16
Change Component Designator: OldDesignator=C? NewDesignator=C17
Change Component Designator: OldDesignator=C? NewDesignator=C18
Change Component Designator: OldDesignator=C? NewDesignator=C19
Change Component Designator: OldDesignator=C? NewDesignator=C20
Change Component Designator: OldDesignator=C? NewDesignator=C21
Change Component Designator: OldDesignator=C? NewDesignator=C22
Change Component Designator: OldDesignator=C? NewDesignator=C23
Change Component Designator: OldDesignator=C? NewDesignator=C24
Change Component Designator: OldDesignator=C? NewDesignator=C25
Change Component Designator: OldDesignator=D? NewDesignator=D1
Change Component Designator: OldDesignator=J? NewDesignator=J1
Change Component Designator: OldDesignator=L? NewDesignator=L1
Change Component Designator: OldDesignator=LED? NewDesignator=LED1
Change Component Designator: OldDesignator=P? NewDesignator=P1
Change Component Designator: OldDesignator=P? NewDesignator=P2
Change Component Designator: OldDesignator=P? NewDesignator=P3
Change Component Designator: OldDesignator=P? NewDesignator=P4
Change Component Designator: OldDesignator=P? NewDesignator=P5
Change Component Designator: OldDesignator=P? NewDesignator=P6
Change Component Designator: OldDesignator=P? NewDesignator=P7
Change Component Designator: OldDesignator=P? NewDesignator=P8
Change Component Designator: OldDesignator=PRGMR? NewDesignator=PRGMR1
Change Component Designator: OldDesignator=Q? NewDesignator=Q1
Change Component Designator: OldDesignator=R? NewDesignator=R1
Change Component Designator: OldDesignator=R? NewDesignator=R2
Change Component Designator: OldDesignator=R? NewDesignator=R3
Change Component Designator: OldDesignator=R? NewDesignator=R4
Change Component Designator: OldDesignator=R? NewDesignator=R5
Change Component Designator: OldDesignator=R? NewDesignator=R6
Change Component Designator: OldDesignator=R? NewDesignator=R7
Change Component Designator: OldDesignator=R? NewDesignator=R8
Change Component Designator: OldDesignator=R? NewDesignator=R9
Change Component Designator: OldDesignator=R? NewDesignator=R10
Change Component Designator: OldDesignator=R? NewDesignator=R11
Change Component Designator: OldDesignator=R? NewDesignator=R12
Change Component Designator: OldDesignator=R? NewDesignator=R13
Change Component Designator: OldDesignator=R? NewDesignator=R14
Change Component Designator: OldDesignator=R? NewDesignator=R15
Change Component Designator: OldDesignator=R? NewDesignator=R16
Change Component Designator: OldDesignator=R? NewDesignator=R17
Change Component Designator: OldDesignator=R? NewDesignator=R18
Change Component Designator: OldDesignator=R? NewDesignator=R19
Change Component Designator: OldDesignator=R? NewDesignator=R20
Change Component Designator: OldDesignator=R? NewDesignator=R21
Change Component Designator: OldDesignator=R? NewDesignator=R22
Change Component Designator: OldDesignator=R? NewDesignator=R23
Change Component Designator: OldDesignator=R? NewDesignator=R24
Change Component Designator: OldDesignator=R? NewDesignator=R25
Change Component Designator: OldDesignator=R? NewDesignator=R26
Change Component Designator: OldDesignator=S? NewDesignator=S1
Change Component Designator: OldDesignator=S? NewDesignator=S2
Change Component Designator: OldDesignator=S? NewDesignator=S3
Change Component Designator: OldDesignator=S? NewDesignator=S4
Change Component Designator: OldDesignator=S? NewDesignator=S5
Change Component Designator: OldDesignator=S? NewDesignator=S6
Change Component Designator: OldDesignator=U? NewDesignator=U1
Change Component Designator: OldDesignator=U? NewDesignator=U2
Change Component Designator: OldDesignator=U? NewDesignator=U3
Change Component Designator: OldDesignator=U? NewDesignator=U4
Change Component Designator: OldDesignator=U? NewDesignator=U5
Change Component Designator: OldDesignator=U? NewDesignator=U6
Change Component Designator: OldDesignator=U? NewDesignator=U7
Added Pin To Net: NetName=FAN LED LE Pin=U1-6
Added Pin To Net: NetName=FAN LED OE Pin=U3-6
Change Net Name : Old Net Name=NetC?_1 New Net Name=NetC21_1
Change Net Name : Old Net Name=NetC?_2 New Net Name=NetC21_2
Change Net Name : Old Net Name=NetD?_1 New Net Name=NetD1_1
Change Net Name : Old Net Name=NetJ?_2 New Net Name=NetJ1_2
Change Net Name : Old Net Name=NetL?_2 New Net Name=NetL1_2
Change Net Name : Old Net Name=NetLED?_1 New Net Name=NetLED1_1
Change Net Name : Old Net Name=NetLED?_2 New Net Name=NetLED1_2
Change Net Name : Old Net Name=NetLED?_3 New Net Name=NetLED1_3
Change Net Name : Old Net Name=NetLED?_4 New Net Name=NetLED1_4
Change Net Name : Old Net Name=NetLED?_5 New Net Name=NetLED1_5
Change Net Name : Old Net Name=NetLED?_6 New Net Name=NetLED1_6
Change Net Name : Old Net Name=NetLED?_7 New Net Name=NetLED1_7
Change Net Name : Old Net Name=NetLED?_8 New Net Name=NetLED1_8
Change Net Name : Old Net Name=NetLED?_9 New Net Name=NetLED1_9
Change Net Name : Old Net Name=NetLED?_10 New Net Name=NetLED1_10
Change Net Name : Old Net Name=NetLED?_11 New Net Name=NetLED1_11
Change Net Name : Old Net Name=NetLED?_12 New Net Name=NetLED1_12
Change Net Name : Old Net Name=NetLED?_13 New Net Name=NetLED1_13
Change Net Name : Old Net Name=NetLED?_14 New Net Name=NetLED1_14
Change Net Name : Old Net Name=NetLED?_15 New Net Name=NetLED1_15
Change Net Name : Old Net Name=NetLED?_16 New Net Name=NetLED1_16
Change Net Name : Old Net Name=NetLED?_17 New Net Name=NetLED1_17
Change Net Name : Old Net Name=NetLED?_18 New Net Name=NetLED1_18
Change Net Name : Old Net Name=NetLED?_19 New Net Name=NetLED1_19
Change Net Name : Old Net Name=NetLED?_20 New Net Name=NetLED1_20
Change Net Name : Old Net Name=NetP?_1 New Net Name=NetP1_1
Change Net Name : Old Net Name=NetP?_1 New Net Name=NetP6_1
Change Net Name : Old Net Name=NetP?_2 New Net Name=NetP7_2
Change Net Name : Old Net Name=NetR?_1 New Net Name=NetR23_1
Change Net Name : Old Net Name=NetR?_2 New Net Name=NetR21_2
Change Net Name : Old Net Name=NetU?_1 New Net Name=NetU1_3
Change Net Name : Old Net Name=NetU?_2 New Net Name=NetU1_2
Change Net Name : Old Net Name=NetU?_2 New Net Name=NetU2_2
Change Net Name : Old Net Name=NetU?_3 New Net Name=NetU2_19
Added Member To Class: ClassName=Schematic Member=Component C1 100nF
Added Member To Class: ClassName=Schematic Member=Component C2 100nF
Added Member To Class: ClassName=Schematic Member=Component C4 100nF
Added Member To Class: ClassName=Schematic Member=Component C5 1uF
Added Member To Class: ClassName=Schematic Member=Component C6 100nF
Added Member To Class: ClassName=Schematic Member=Component C7 100nF
Added Member To Class: ClassName=Schematic Member=Component C8 100nF
Added Member To Class: ClassName=Schematic Member=Component C9 1uF
Added Member To Class: ClassName=Schematic Member=Component C10 100nF
Added Member To Class: ClassName=Schematic Member=Component C11 100nF
Added Member To Class: ClassName=Schematic Member=Component C12 100nF
Added Member To Class: ClassName=Schematic Member=Component C13 100nF
Added Member To Class: ClassName=Schematic Member=Component C14 100nF
Added Member To Class: ClassName=Schematic Member=Component C15 4.7uF
Added Member To Class: ClassName=Schematic Member=Component C16 100nF
Added Member To Class: ClassName=Schematic Member=Component C17 100µF
Added Member To Class: ClassName=Schematic Member=Component C18 100µF
Added Member To Class: ClassName=Schematic Member=Component C19 100nF
Added Member To Class: ClassName=Schematic Member=Component C20 100nF
Added Member To Class: ClassName=Schematic Member=Component C21 2.2nF
Added Member To Class: ClassName=Schematic Member=Component C22 330nF
Added Member To Class: ClassName=Schematic Member=Component C23 100nF
Added Member To Class: ClassName=Schematic Member=Component C24 330nF
Added Member To Class: ClassName=Schematic Member=Component C25 100nF
Added Member To Class: ClassName=Schematic Member=Component P2 APA102
Added Member To Class: ClassName=Schematic Member=Component P3 WS2812b
Added Member To Class: ClassName=Schematic Member=Component P4 Variable Power Supply
Added Member To Class: ClassName=Schematic Member=Component P5 Multimeter Probe
Added Member To Class: ClassName=Schematic Member=Component P6 Digital Voltmeter
Added Member To Class: ClassName=Schematic Member=Component P7 Fan
Added Member To Class: ClassName=Schematic Member=Component P8 125-1075
Added Member To Class: ClassName=Schematic Member=Component R2 Potentiometer
Added Member To Class: ClassName=Schematic Member=Component R3 Potentiometer
Added Member To Class: ClassName=Schematic Member=Component R4 Potentiometer
Added Member To Class: ClassName=Schematic Member=Component R5 Potentiometer
Added Member To Class: ClassName=Schematic Member=Component R6 Potentiometer
Added Member To Class: ClassName=Schematic Member=Component R7 10kR
Added Member To Class: ClassName=Schematic Member=Component R8 10kO
Added Member To Class: ClassName=Schematic Member=Component R9 150R
Added Member To Class: ClassName=Schematic Member=Component R10 150R
Added Member To Class: ClassName=Schematic Member=Component R11 150R
Added Member To Class: ClassName=Schematic Member=Component R12 150R
Added Member To Class: ClassName=Schematic Member=Component R13 150R
Added Member To Class: ClassName=Schematic Member=Component R14 150R
Added Member To Class: ClassName=Schematic Member=Component R15 150R
Added Member To Class: ClassName=Schematic Member=Component R16 150R
Added Member To Class: ClassName=Schematic Member=Component R17 150R
Added Member To Class: ClassName=Schematic Member=Component R18 150R
Added Member To Class: ClassName=Schematic Member=Component R19 10kO
Added Member To Class: ClassName=Schematic Member=Component R20 10kR
Added Member To Class: ClassName=Schematic Member=Component R21 330R
Added Member To Class: ClassName=Schematic Member=Component R22 10kR
Added Member To Class: ClassName=Schematic Member=Component R23 24.9kR
Added Member To Class: ClassName=Schematic Member=Component R24 4.75kR
Added Member To Class: ClassName=Schematic Member=Component R25 33kR
Added Member To Class: ClassName=Schematic Member=Component R26 300R
Added Member To Class: ClassName=Schematic Member=Component S2 SPST Switch
Added Member To Class: ClassName=Schematic Member=Component S3 SPST Switch
Added Member To Class: ClassName=Schematic Member=Component S4 SPST Switch
Added Member To Class: ClassName=Schematic Member=Component S5 SPDT Switch
Added Member To Class: ClassName=Schematic Member=Component S6 SPST Button
Added Member To Class: ClassName=Schematic Member=Component U1 SN74LVC2T45
Added Member To Class: ClassName=Schematic Member=Component U2 NPIC6C4894-Q100
Added Member To Class: ClassName=Schematic Member=Component U3 SN74LVC2T45
Added Member To Class: ClassName=Schematic Member=Component U5 NCP3170BDR2G
Added Member To Class: ClassName=Schematic Member=Component U6 UA78M33CDCY
Added Member To Class: ClassName=Schematic Member=Component U7 MC78M09CDTG
