Change Component Comment : Designator=R2 Old Comment=4 Gang Potentiometer New Comment=Potentiometer
Change Component Comment : Designator=R3 Old Comment=4 Gang Potentiometer New Comment=Potentiometer
Change Component Comment : Designator=R4 Old Comment=4 Gang Potentiometer New Comment=Potentiometer
Change Component Comment : Designator=R5 Old Comment=4 Gang Potentiometer New Comment=Potentiometer
Change Component Comment : Designator=R6 Old Comment=4 Gang Potentiometer New Comment=Potentiometer
Change Component Description : Designator=R2 Old Description=4 Gang Potentiometer New Description=Potentiometer
Change Component Description : Designator=R3 Old Description=4 Gang Potentiometer New Description=Potentiometer
Change Component Description : Designator=R4 Old Description=4 Gang Potentiometer New Description=Potentiometer
Change Component Description : Designator=R5 Old Description=4 Gang Potentiometer New Description=Potentiometer
Change Component Description : Designator=R6 Old Description=4 Gang Potentiometer New Description=Potentiometer
Added Component: Designator=L1(SRU1038-5R0Y)
Added Component: Designator=U1(NPIC6C4894-Q100)
Added Component: Designator=U3(NCP3170BDR2G)
Added Pin To Net: NetName=5V Pin=L1-1
Added Pin To Net: NetName=NetL1_2 Pin=L1-2
Added Pin To Net: NetName=NetQ2_D Pin=U1-1
Added Pin To Net: NetName=NetQ3_D Pin=U1-2
Added Pin To Net: NetName=NetQ1_D Pin=U1-3
Added Pin To Net: NetName=NetLED1_11 Pin=U1-4
Added Pin To Net: NetName=NetLED1_12 Pin=U1-5
Added Pin To Net: NetName=NetLED1_13 Pin=U1-6
Added Pin To Net: NetName=NetLED1_14 Pin=U1-7
Added Pin To Net: NetName=NetLED1_15 Pin=U1-8
Added Pin To Net: NetName=NetLED1_16 Pin=U1-9
Added Pin To Net: NetName=GND Pin=U1-10
Added Pin To Net: NetName=NetLED1_20 Pin=U1-15
Added Pin To Net: NetName=NetLED1_19 Pin=U1-16
Added Pin To Net: NetName=NetLED1_18 Pin=U1-17
Added Pin To Net: NetName=NetLED1_17 Pin=U1-18
Added Pin To Net: NetName=NetQ5_D Pin=U1-19
Added Pin To Net: NetName=5V Pin=U1-20
Added Pin To Net: NetName=GND Pin=U3-1
Added Pin To Net: NetName=12V Pin=U3-2
Added Pin To Net: NetName=GND Pin=U3-3
Added Pin To Net: NetName=NetR33_1 Pin=U3-4
Added Pin To Net: NetName=NetC15_1 Pin=U3-5
Added Pin To Net: NetName=12V Pin=U3-6
Added Pin To Net: NetName=NetL1_2 Pin=U3-8
Added Member To Class: ClassName=Schematic Member=Component L1 5µH
Added Member To Class: ClassName=Schematic Member=Component U1 NPIC6C4894-Q100
Added Member To Class: ClassName=Schematic Member=Component U3 NCP3170BDR2G
