Added Component: Designator=C1(RS 711-0987)
Added Component: Designator=C2(0603)
Added Component: Designator=C3(0805)
Added Component: Designator=C4(0603)
Added Component: Designator=C5(0603)
Added Component: Designator=C6(0603)
Added Component: Designator=C7(0603)
Added Component: Designator=C8(0603)
Added Component: Designator=C9(0805)
Added Component: Designator=C10(0603)
Added Component: Designator=C11(CAPACITOR 16x31.5mm)
Added Component: Designator=C12(CAPACITOR 16x31.5mm)
Added Component: Designator=C13(0603)
Added Component: Designator=C14(0603)
Added Component: Designator=C15(0603)
Added Component: Designator=C16(0603)
Added Component: Designator=C17(0603)
Added Component: Designator=C18(0603)
Added Component: Designator=C19(0603)
Added Component: Designator=J1(Jumper 2 Pins)
Added Component: Designator=LED1(LED Bar 10 Segment)
Added Component: Designator=P1(HEADER 2 PIN POLARIZED)
Added Component: Designator=P2(Header 4 Pin)
Added Component: Designator=P3(Header 4 Pin)
Added Component: Designator=P4(HEADER 2 PIN POLARIZED)
Added Component: Designator=P5(RS-PRO 125-1075)
Added Component: Designator=PRGMR1(HEADER 5X2)
Added Component: Designator=Q1(BSS138)
Added Component: Designator=Q2(BSS138)
Added Component: Designator=Q3(BSS138)
Added Component: Designator=Q4(MMBF170L)
Added Component: Designator=Q5(BSS138)
Added Component: Designator=Q6(BSS138)
Added Component: Designator=Q7(BSS138)
Added Component: Designator=Q8(BSS138)
Added Component: Designator=R1(0603)
Added Component: Designator=R2(Header 3 Pin)
Added Component: Designator=R3(Header 3 Pin)
Added Component: Designator=R4(Header 3 Pin)
Added Component: Designator=R5(Header 3 Pin)
Added Component: Designator=R6(Header 3 Pin)
Added Component: Designator=R7(0603)
Added Component: Designator=R8(0603)
Added Component: Designator=R9(0603)
Added Component: Designator=R10(0603)
Added Component: Designator=R11(0603)
Added Component: Designator=R12(0603)
Added Component: Designator=R13(0603)
Added Component: Designator=R14(0603)
Added Component: Designator=R15(0603)
Added Component: Designator=R16(0603)
Added Component: Designator=R17(0603)
Added Component: Designator=R18(0603)
Added Component: Designator=R19(0603)
Added Component: Designator=R20(0603)
Added Component: Designator=R21(0603)
Added Component: Designator=R22(0603)
Added Component: Designator=R23(0603)
Added Component: Designator=R24(0603)
Added Component: Designator=R25(0603)
Added Component: Designator=R26(0603)
Added Component: Designator=R27(0603)
Added Component: Designator=R28(0603)
Added Component: Designator=R29(0603)
Added Component: Designator=R30(0603)
Added Component: Designator=R31(0603)
Added Component: Designator=R32(0603)
Added Component: Designator=R33(0603)
Added Component: Designator=R34(0603)
Added Component: Designator=R35(0603)
Added Component: Designator=R36(0603)
Added Component: Designator=R37(0603)
Added Component: Designator=R38(0603)
Added Component: Designator=R39(0603)
Added Component: Designator=S1(Header 2 Pin)
Added Component: Designator=S2(Header 2 Pin)
Added Component: Designator=S3(Header 2 Pin)
Added Component: Designator=S4(Header 2 Pin)
Added Component: Designator=S5(TE 4-1437565-1)
Added Component: Designator=U2(ATSAMD21G18A-AU)
Added Component: Designator=U4(UA78M33CDCY)
Added Component: Designator=U5(MC78M09CDTG)
Added Pin To Net: NetName=1.8V Pin=C8-1
Added Pin To Net: NetName=1.8V Pin=U2-41
Added Net: Name=1.8V
Added Pin To Net: NetName=3.3V Pin=C3-1
Added Pin To Net: NetName=3.3V Pin=C4-1
Added Pin To Net: NetName=3.3V Pin=C5-1
Added Pin To Net: NetName=3.3V Pin=C6-1
Added Pin To Net: NetName=3.3V Pin=C7-1
Added Pin To Net: NetName=3.3V Pin=C9-1
Added Pin To Net: NetName=3.3V Pin=C10-1
Added Pin To Net: NetName=3.3V Pin=C17-1
Added Pin To Net: NetName=3.3V Pin=J1-1
Added Pin To Net: NetName=3.3V Pin=PRGMR1-1
Added Pin To Net: NetName=3.3V Pin=Q1-G
Added Pin To Net: NetName=3.3V Pin=Q2-G
Added Pin To Net: NetName=3.3V Pin=Q3-G
Added Pin To Net: NetName=3.3V Pin=Q5-G
Added Pin To Net: NetName=3.3V Pin=Q6-G
Added Pin To Net: NetName=3.3V Pin=Q7-G
Added Pin To Net: NetName=3.3V Pin=Q8-G
Added Pin To Net: NetName=3.3V Pin=R2-3
Added Pin To Net: NetName=3.3V Pin=R3-3
Added Pin To Net: NetName=3.3V Pin=R4-3
Added Pin To Net: NetName=3.3V Pin=R5-3
Added Pin To Net: NetName=3.3V Pin=R6-3
Added Pin To Net: NetName=3.3V Pin=R10-2
Added Pin To Net: NetName=3.3V Pin=R19-2
Added Pin To Net: NetName=3.3V Pin=R24-2
Added Pin To Net: NetName=3.3V Pin=R26-2
Added Pin To Net: NetName=3.3V Pin=R28-2
Added Pin To Net: NetName=3.3V Pin=R30-2
Added Pin To Net: NetName=3.3V Pin=R34-2
Added Pin To Net: NetName=3.3V Pin=R38-2
Added Pin To Net: NetName=3.3V Pin=S1-1
Added Pin To Net: NetName=3.3V Pin=S2-1
Added Pin To Net: NetName=3.3V Pin=S3-1
Added Pin To Net: NetName=3.3V Pin=U2-4
Added Pin To Net: NetName=3.3V Pin=U2-6
Added Pin To Net: NetName=3.3V Pin=U2-17
Added Pin To Net: NetName=3.3V Pin=U2-36
Added Pin To Net: NetName=3.3V Pin=U2-43
Added Pin To Net: NetName=3.3V Pin=U2-44
Added Pin To Net: NetName=3.3V Pin=U4-3
Added Net: Name=3.3V
Added Pin To Net: NetName=5V Pin=C1-1
Added Pin To Net: NetName=5V Pin=C12-1
Added Pin To Net: NetName=5V Pin=C14-1
Added Pin To Net: NetName=5V Pin=P2-1
Added Pin To Net: NetName=5V Pin=P3-1
Added Pin To Net: NetName=5V Pin=R9-2
Added Pin To Net: NetName=5V Pin=R11-2
Added Pin To Net: NetName=5V Pin=R12-2
Added Pin To Net: NetName=5V Pin=R13-2
Added Pin To Net: NetName=5V Pin=R14-2
Added Pin To Net: NetName=5V Pin=R15-2
Added Pin To Net: NetName=5V Pin=R16-2
Added Pin To Net: NetName=5V Pin=R17-2
Added Pin To Net: NetName=5V Pin=R18-2
Added Pin To Net: NetName=5V Pin=R20-2
Added Pin To Net: NetName=5V Pin=R21-2
Added Pin To Net: NetName=5V Pin=R22-2
Added Pin To Net: NetName=5V Pin=R23-2
Added Pin To Net: NetName=5V Pin=R25-2
Added Pin To Net: NetName=5V Pin=R31-2
Added Pin To Net: NetName=5V Pin=R33-2
Added Pin To Net: NetName=5V Pin=R35-2
Added Pin To Net: NetName=5V Pin=R39-2
Added Net: Name=5V
Added Pin To Net: NetName=9V Pin=C19-1
Added Pin To Net: NetName=9V Pin=S4-1
Added Pin To Net: NetName=9V Pin=U5-3
Added Net: Name=9V
Added Pin To Net: NetName=12V Pin=C11-1
Added Pin To Net: NetName=12V Pin=C13-1
Added Pin To Net: NetName=12V Pin=C16-1
Added Pin To Net: NetName=12V Pin=C18-1
Added Pin To Net: NetName=12V Pin=P4-1
Added Pin To Net: NetName=12V Pin=P5-1
Added Pin To Net: NetName=12V Pin=P5-1
Added Pin To Net: NetName=12V Pin=U4-1
Added Pin To Net: NetName=12V Pin=U5-1
Added Net: Name=12V
Added Pin To Net: NetName=APA102 CLK Pin=P2-3
Added Pin To Net: NetName=APA102 CLK Pin=Q7-D
Added Pin To Net: NetName=APA102 CLK Pin=R35-1
Added Net: Name=APA102 CLK
Added Pin To Net: NetName=APA102 DATA Pin=P2-2
Added Pin To Net: NetName=APA102 DATA Pin=Q6-D
Added Pin To Net: NetName=APA102 DATA Pin=R31-1
Added Net: Name=APA102 DATA
Added Pin To Net: NetName=BLUE Pin=R4-2
Added Pin To Net: NetName=BLUE Pin=U2-14
Added Net: Name=BLUE
Added Pin To Net: NetName=FANCTRL Pin=Q4-G
Added Pin To Net: NetName=FANCTRL Pin=R27-2
Added Pin To Net: NetName=FANCTRL Pin=U2-28
Added Net: Name=FANCTRL
Added Pin To Net: NetName=FAN LED CP Pin=PRGMR1-4
Added Pin To Net: NetName=FAN LED CP Pin=Q1-S
Added Pin To Net: NetName=FAN LED CP Pin=R10-1
Added Pin To Net: NetName=FAN LED CP Pin=U2-45
Added Net: Name=FAN LED CP
Added Pin To Net: NetName=FAN LED DATA Pin=Q3-S
Added Pin To Net: NetName=FAN LED DATA Pin=R24-1
Added Pin To Net: NetName=FAN LED DATA Pin=U2-47
Added Net: Name=FAN LED DATA
Added Pin To Net: NetName=FAN LED LE Pin=PRGMR1-2
Added Pin To Net: NetName=FAN LED LE Pin=Q2-S
Added Pin To Net: NetName=FAN LED LE Pin=R19-1
Added Pin To Net: NetName=FAN LED LE Pin=U2-46
Added Net: Name=FAN LED LE
Added Pin To Net: NetName=FAN LED OE Pin=Q5-S
Added Pin To Net: NetName=FAN LED OE Pin=R26-1
Added Pin To Net: NetName=FAN LED OE Pin=U2-48
Added Net: Name=FAN LED OE
Added Pin To Net: NetName=FAN ON Pin=R8-2
Added Pin To Net: NetName=FAN ON Pin=S3-2
Added Pin To Net: NetName=FAN ON Pin=U2-33
Added Net: Name=FAN ON
Added Pin To Net: NetName=FAN POWER Pin=R6-2
Added Pin To Net: NetName=FAN POWER Pin=U2-12
Added Net: Name=FAN POWER
Added Pin To Net: NetName=GND Pin=C1-2
Added Pin To Net: NetName=GND Pin=C2-2
Added Pin To Net: NetName=GND Pin=C3-2
Added Pin To Net: NetName=GND Pin=C4-2
Added Pin To Net: NetName=GND Pin=C5-2
Added Pin To Net: NetName=GND Pin=C6-2
Added Pin To Net: NetName=GND Pin=C7-2
Added Pin To Net: NetName=GND Pin=C8-2
Added Pin To Net: NetName=GND Pin=C9-2
Added Pin To Net: NetName=GND Pin=C10-2
Added Pin To Net: NetName=GND Pin=C11-2
Added Pin To Net: NetName=GND Pin=C12-2
Added Pin To Net: NetName=GND Pin=C13-2
Added Pin To Net: NetName=GND Pin=C14-2
Added Pin To Net: NetName=GND Pin=C16-2
Added Pin To Net: NetName=GND Pin=C17-2
Added Pin To Net: NetName=GND Pin=C18-2
Added Pin To Net: NetName=GND Pin=C19-2
Added Pin To Net: NetName=GND Pin=P1-2
Added Pin To Net: NetName=GND Pin=P2-4
Added Pin To Net: NetName=GND Pin=P3-4
Added Pin To Net: NetName=GND Pin=P5-2
Added Pin To Net: NetName=GND Pin=P5-3
Added Pin To Net: NetName=GND Pin=PRGMR1-3
Added Pin To Net: NetName=GND Pin=PRGMR1-5
Added Pin To Net: NetName=GND Pin=Q4-S
Added Pin To Net: NetName=GND Pin=R1-1
Added Pin To Net: NetName=GND Pin=R2-1
Added Pin To Net: NetName=GND Pin=R3-1
Added Pin To Net: NetName=GND Pin=R4-1
Added Pin To Net: NetName=GND Pin=R5-1
Added Pin To Net: NetName=GND Pin=R6-1
Added Pin To Net: NetName=GND Pin=R7-1
Added Pin To Net: NetName=GND Pin=R8-1
Added Pin To Net: NetName=GND Pin=R27-1
Added Pin To Net: NetName=GND Pin=R32-1
Added Pin To Net: NetName=GND Pin=R36-1
Added Pin To Net: NetName=GND Pin=R37-1
Added Pin To Net: NetName=GND Pin=S5-3
Added Pin To Net: NetName=GND Pin=S5-4
Added Pin To Net: NetName=GND Pin=U2-5
Added Pin To Net: NetName=GND Pin=U2-18
Added Pin To Net: NetName=GND Pin=U2-35
Added Pin To Net: NetName=GND Pin=U2-42
Added Pin To Net: NetName=GND Pin=U4-2
Added Pin To Net: NetName=GND Pin=U4-2
Added Pin To Net: NetName=GND Pin=U5-2
Added Net: Name=GND
Added Pin To Net: NetName=GREEN Pin=R3-2
Added Pin To Net: NetName=GREEN Pin=U2-15
Added Net: Name=GREEN
Added Pin To Net: NetName=LEDS ON Pin=R1-2
Added Pin To Net: NetName=LEDS ON Pin=S1-2
Added Pin To Net: NetName=LEDS ON Pin=U2-34
Added Net: Name=LEDS ON
Added Pin To Net: NetName=NetC15_1 Pin=C15-1
Added Net: Name=NetC15_1
Added Pin To Net: NetName=NetC15_2 Pin=C15-2
Added Pin To Net: NetName=NetC15_2 Pin=R37-2
Added Net: Name=NetC15_2
Added Pin To Net: NetName=NetJ1_2 Pin=J1-2
Added Pin To Net: NetName=NetJ1_2 Pin=R32-2
Added Pin To Net: NetName=NetJ1_2 Pin=U2-19
Added Net: Name=NetJ1_2
Added Net: Name=NetL1_2
Added Pin To Net: NetName=NetLED1_1 Pin=LED1-1
Added Pin To Net: NetName=NetLED1_1 Pin=R11-1
Added Net: Name=NetLED1_1
Added Pin To Net: NetName=NetLED1_2 Pin=LED1-2
Added Pin To Net: NetName=NetLED1_2 Pin=R12-1
Added Net: Name=NetLED1_2
Added Pin To Net: NetName=NetLED1_3 Pin=LED1-3
Added Pin To Net: NetName=NetLED1_3 Pin=R13-1
Added Net: Name=NetLED1_3
Added Pin To Net: NetName=NetLED1_4 Pin=LED1-4
Added Pin To Net: NetName=NetLED1_4 Pin=R14-1
Added Net: Name=NetLED1_4
Added Pin To Net: NetName=NetLED1_5 Pin=LED1-5
Added Pin To Net: NetName=NetLED1_5 Pin=R15-1
Added Net: Name=NetLED1_5
Added Pin To Net: NetName=NetLED1_6 Pin=LED1-6
Added Pin To Net: NetName=NetLED1_6 Pin=R16-1
Added Net: Name=NetLED1_6
Added Pin To Net: NetName=NetLED1_7 Pin=LED1-7
Added Pin To Net: NetName=NetLED1_7 Pin=R17-1
Added Net: Name=NetLED1_7
Added Pin To Net: NetName=NetLED1_8 Pin=LED1-8
Added Pin To Net: NetName=NetLED1_8 Pin=R20-1
Added Net: Name=NetLED1_8
Added Pin To Net: NetName=NetLED1_9 Pin=LED1-9
Added Pin To Net: NetName=NetLED1_9 Pin=R21-1
Added Net: Name=NetLED1_9
Added Pin To Net: NetName=NetLED1_10 Pin=LED1-10
Added Pin To Net: NetName=NetLED1_10 Pin=R22-1
Added Net: Name=NetLED1_10
Added Pin To Net: NetName=NetLED1_11 Pin=LED1-11
Added Net: Name=NetLED1_11
Added Pin To Net: NetName=NetLED1_12 Pin=LED1-12
Added Net: Name=NetLED1_12
Added Pin To Net: NetName=NetLED1_13 Pin=LED1-13
Added Net: Name=NetLED1_13
Added Pin To Net: NetName=NetLED1_14 Pin=LED1-14
Added Net: Name=NetLED1_14
Added Pin To Net: NetName=NetLED1_15 Pin=LED1-15
Added Net: Name=NetLED1_15
Added Pin To Net: NetName=NetLED1_16 Pin=LED1-16
Added Net: Name=NetLED1_16
Added Pin To Net: NetName=NetLED1_17 Pin=LED1-17
Added Net: Name=NetLED1_17
Added Pin To Net: NetName=NetLED1_18 Pin=LED1-18
Added Net: Name=NetLED1_18
Added Pin To Net: NetName=NetLED1_19 Pin=LED1-19
Added Net: Name=NetLED1_19
Added Pin To Net: NetName=NetLED1_20 Pin=LED1-20
Added Net: Name=NetLED1_20
Added Pin To Net: NetName=NetP1_1 Pin=P1-1
Added Pin To Net: NetName=NetP1_1 Pin=S4-2
Added Net: Name=NetP1_1
Added Pin To Net: NetName=NetP4_2 Pin=P4-2
Added Pin To Net: NetName=NetP4_2 Pin=Q4-D
Added Net: Name=NetP4_2
Added Pin To Net: NetName=NetQ1_D Pin=Q1-D
Added Pin To Net: NetName=NetQ1_D Pin=R9-1
Added Net: Name=NetQ1_D
Added Pin To Net: NetName=NetQ2_D Pin=Q2-D
Added Pin To Net: NetName=NetQ2_D Pin=R18-1
Added Net: Name=NetQ2_D
Added Pin To Net: NetName=NetQ3_D Pin=Q3-D
Added Pin To Net: NetName=NetQ3_D Pin=R23-1
Added Net: Name=NetQ3_D
Added Pin To Net: NetName=NetQ5_D Pin=Q5-D
Added Pin To Net: NetName=NetQ5_D Pin=R25-1
Added Net: Name=NetQ5_D
Added Pin To Net: NetName=NetR29_2 Pin=R29-2
Added Pin To Net: NetName=NetR29_2 Pin=U2-40
Added Net: Name=NetR29_2
Added Pin To Net: NetName=NetR33_1 Pin=R33-1
Added Pin To Net: NetName=NetR33_1 Pin=R36-2
Added Net: Name=NetR33_1
Added Pin To Net: NetName=PAD0 Pin=Q6-S
Added Pin To Net: NetName=PAD0 Pin=R30-1
Added Pin To Net: NetName=PAD0 Pin=U2-9
Added Net: Name=PAD0
Added Pin To Net: NetName=PAD1 Pin=Q7-S
Added Pin To Net: NetName=PAD1 Pin=R34-1
Added Pin To Net: NetName=PAD1 Pin=U2-10
Added Net: Name=PAD1
Added Pin To Net: NetName=RED Pin=R2-2
Added Pin To Net: NetName=RED Pin=U2-16
Added Net: Name=RED
Added Pin To Net: NetName=RESET Pin=C2-1
Added Pin To Net: NetName=RESET Pin=PRGMR1-10
Added Pin To Net: NetName=RESET Pin=R28-1
Added Pin To Net: NetName=RESET Pin=R29-1
Added Pin To Net: NetName=RESET Pin=S5-1
Added Net: Name=RESET
Added Pin To Net: NetName=W/RGB Pin=R7-2
Added Pin To Net: NetName=W/RGB Pin=S2-2
Added Pin To Net: NetName=W/RGB Pin=U2-39
Added Net: Name=W/RGB
Added Pin To Net: NetName=WHITE Pin=R5-2
Added Pin To Net: NetName=WHITE Pin=U2-13
Added Net: Name=WHITE
Added Pin To Net: NetName=WS2812B DATA Pin=P3-3
Added Pin To Net: NetName=WS2812B DATA Pin=Q8-D
Added Pin To Net: NetName=WS2812B DATA Pin=R39-1
Added Net: Name=WS2812B DATA
Added Pin To Net: NetName=WS2812B SIG Pin=Q8-S
Added Pin To Net: NetName=WS2812B SIG Pin=R38-1
Added Pin To Net: NetName=WS2812B SIG Pin=U2-23
Added Net: Name=WS2812B SIG
Added Class: Name=Schematic
