Removed Pin From Net: NetName=WS2812B DATA Pin=P3-3
Removed Pin From Net: NetName=GND Pin=P3-4
Removed Pin From Net: NetName=12V Pin=P5-1
Removed Pin From Net: NetName=12V Pin=P5-1
Removed Pin From Net: NetName=APA102 DATA Pin=Q6-D
Removed Pin From Net: NetName=3.3V Pin=Q6-G
Removed Pin From Net: NetName=APA102 CLK Pin=Q7-D
Removed Pin From Net: NetName=3.3V Pin=Q7-G
Removed Pin From Net: NetName=WS2812B DATA Pin=Q8-D
Removed Pin From Net: NetName=3.3V Pin=Q8-G
Removed Pin From Net: NetName=WS2812B SIG Pin=Q8-S
Removed Pin From Net: NetName=3.3V Pin=R30-2
Removed Pin From Net: NetName=APA102 DATA Pin=R31-1
Removed Pin From Net: NetName=5V Pin=R31-2
Removed Pin From Net: NetName=3.3V Pin=R34-2
Removed Pin From Net: NetName=APA102 CLK Pin=R35-1
Removed Pin From Net: NetName=5V Pin=R35-2
Removed Pin From Net: NetName=3.3V Pin=R38-2
Removed Pin From Net: NetName=WS2812B DATA Pin=R39-1
Removed Pin From Net: NetName=5V Pin=R39-2
Removed Member From Class: ClassName=Schematic Member=Q6
Removed Member From Class: ClassName=Schematic Member=Q7
Removed Member From Class: ClassName=Schematic Member=Q8
Removed Member From Class: ClassName=Schematic Member=R30
Removed Member From Class: ClassName=Schematic Member=R31
Removed Member From Class: ClassName=Schematic Member=R34
Removed Member From Class: ClassName=Schematic Member=R35
Removed Member From Class: ClassName=Schematic Member=R39
Change Component DesignItemId : Designator=P3 Old DesignItemId=Header 4 New DesignItemId=Header 3
Change Component Footprint: Designator=R2 Old Footprint=Header 3 Pin New Footprint=S3B-XH-A(LF)(SN)
Change Component Footprint: Designator=R3 Old Footprint=Header 3 Pin New Footprint=S3B-XH-A(LF)(SN)
Change Component Footprint: Designator=R4 Old Footprint=Header 3 Pin New Footprint=S3B-XH-A(LF)(SN)
Change Component Footprint: Designator=R5 Old Footprint=Header 3 Pin New Footprint=S3B-XH-A(LF)(SN)
Change Component Footprint: Designator=R6 Old Footprint=Header 3 Pin New Footprint=S3B-XH-A(LF)(SN)
Change Component Footprint: Designator=P3 Old Footprint=Header 4 Pin New Footprint=S3B-XH-A(LF)(SN)
Change Component Comment : Designator=R38 Old Comment=10kO New Comment=300R
Added Component: Designator=D1(S5DC-13-F)
Added Component: Designator=P1(HEADER 2 PIN POLARIZED)
Added Component: Designator=P6(HEADER 2 PIN POLARIZED)
Added Component: Designator=P7(S3B-XH-A(LF)(SN))
Added Component: Designator=S6(S3B-XH-A(LF)(SN))
Added Pin To Net: NetName=12V Pin=D1-2
Added Pin To Net: NetName=GND Pin=P1-2
Added Pin To Net: NetName=WS2812B DATA Pin=P3-2
Added Pin To Net: NetName=GND Pin=P3-3
Added Pin To Net: NetName=GND Pin=P6-2
Added Pin To Net: NetName=12V Pin=P7-2
Added Pin To Net: NetName=GND Pin=P7-3
Added Pin To Net: NetName=WS2812B DATA Pin=R38-2
Added Pin To Net: NetName=APA102 DATA Pin=U2-9
Added Pin To Net: NetName=APA102 CLK Pin=U2-10
Added Pin To Net: NetName=NetD1_1 Pin=D1-1
Added Pin To Net: NetName=NetD1_1 Pin=P5-1
Added Pin To Net: NetName=NetD1_1 Pin=P5-1
Added Net: Name=NetD1_1
Added Pin To Net: NetName=NetP7_1 Pin=P7-1
Added Pin To Net: NetName=NetP7_1 Pin=S6-2
Added Net: Name=NetP7_1
Added Pin To Net: NetName=PROBE Pin=P1-1
Added Pin To Net: NetName=PROBE Pin=S6-1
Added Net: Name=PROBE
Added Pin To Net: NetName=VPS Pin=P6-1
Added Pin To Net: NetName=VPS Pin=S6-3
Added Net: Name=VPS
Added Member To Class: ClassName=Schematic Member=Component D1 Diode
Added Member To Class: ClassName=Schematic Member=Component P6 Variable Power Supply
Added Member To Class: ClassName=Schematic Member=Component P7 Digital Voltmeter
Added Member To Class: ClassName=Schematic Member=Component S6 SPDT Switch
