Change Component Designator: OldDesignator=C1 NewDesignator=C3
Change Component Designator: OldDesignator=C2 NewDesignator=C8
Change Component Designator: OldDesignator=C3 NewDesignator=C9
Change Component Designator: OldDesignator=C4 NewDesignator=C10
Change Component Designator: OldDesignator=C5 NewDesignator=C11
Change Component Designator: OldDesignator=C6 NewDesignator=C12
Change Component Designator: OldDesignator=C7 NewDesignator=C13
Change Component Designator: OldDesignator=C8 NewDesignator=C14
Change Component Designator: OldDesignator=C9 NewDesignator=C15
Change Component Designator: OldDesignator=C10 NewDesignator=C16
Change Component Designator: OldDesignator=C11 NewDesignator=C17
Change Component Designator: OldDesignator=C12 NewDesignator=C18
Change Component Designator: OldDesignator=C13 NewDesignator=C19
Change Component Designator: OldDesignator=C14 NewDesignator=C20
Change Component Designator: OldDesignator=C15 NewDesignator=C21
Change Component Designator: OldDesignator=C16 NewDesignator=C22
Change Component Designator: OldDesignator=C17 NewDesignator=C23
Change Component Designator: OldDesignator=C18 NewDesignator=C24
Change Component Designator: OldDesignator=C19 NewDesignator=C25
Change Component Designator: OldDesignator=C20 NewDesignator=C1
Change Component Designator: OldDesignator=C21 NewDesignator=C2
Change Component Designator: OldDesignator=C22 NewDesignator=C4
Change Component Designator: OldDesignator=C23 NewDesignator=C5
Change Component Designator: OldDesignator=C24 NewDesignator=C6
Change Component Designator: OldDesignator=C25 NewDesignator=C7
Change Component Designator: OldDesignator=P1 NewDesignator=P5
Change Component Designator: OldDesignator=P4 NewDesignator=P7
Change Component Designator: OldDesignator=P5 NewDesignator=P8
Change Component Designator: OldDesignator=P6 NewDesignator=P4
Change Component Designator: OldDesignator=P7 NewDesignator=P6
Change Component Designator: OldDesignator=Q4 NewDesignator=Q1
Change Component Designator: OldDesignator=R11 NewDesignator=R9
Change Component Designator: OldDesignator=R12 NewDesignator=R10
Change Component Designator: OldDesignator=R13 NewDesignator=R11
Change Component Designator: OldDesignator=R14 NewDesignator=R12
Change Component Designator: OldDesignator=R15 NewDesignator=R13
Change Component Designator: OldDesignator=R16 NewDesignator=R14
Change Component Designator: OldDesignator=R17 NewDesignator=R15
Change Component Designator: OldDesignator=R20 NewDesignator=R16
Change Component Designator: OldDesignator=R21 NewDesignator=R17
Change Component Designator: OldDesignator=R22 NewDesignator=R18
Change Component Designator: OldDesignator=R27 NewDesignator=R19
Change Component Designator: OldDesignator=R28 NewDesignator=R20
Change Component Designator: OldDesignator=R29 NewDesignator=R21
Change Component Designator: OldDesignator=R32 NewDesignator=R22
Change Component Designator: OldDesignator=R33 NewDesignator=R23
Change Component Designator: OldDesignator=R36 NewDesignator=R24
Change Component Designator: OldDesignator=R37 NewDesignator=R25
Change Component Designator: OldDesignator=R38 NewDesignator=R26
Change Component Designator: OldDesignator=S5 NewDesignator=S6
Change Component Designator: OldDesignator=S6 NewDesignator=S5
Change Component Designator: OldDesignator=U1 NewDesignator=U2
Change Component Designator: OldDesignator=U2 NewDesignator=U4
Change Component Designator: OldDesignator=U3 NewDesignator=U5
Change Component Designator: OldDesignator=U4 NewDesignator=U6
Change Component Designator: OldDesignator=U5 NewDesignator=U7
Change Component Designator: OldDesignator=U6 NewDesignator=U1
Change Component Designator: OldDesignator=U7 NewDesignator=U3
Added Pin To Net: NetName=FAN LED LE Pin=U1-6
Added Pin To Net: NetName=FAN LED OE Pin=U3-6
Change Net Name : Old Net Name=NetC15_1 New Net Name=NetC21_1
Change Net Name : Old Net Name=NetC15_2 New Net Name=NetC21_2
Change Net Name : Old Net Name=NetP4_2 New Net Name=NetP7_2
Change Net Name : Old Net Name=NetP7_1 New Net Name=NetP6_1
Change Net Name : Old Net Name=NetR29_2 New Net Name=NetR21_2
Change Net Name : Old Net Name=NetR33_1 New Net Name=NetR23_1
Change Net Name : Old Net Name=NetU1_1 New Net Name=NetU1_3
Change Net Name : Old Net Name=NetU1_2 New Net Name=NetU2_2
Change Net Name : Old Net Name=NetU1_3 New Net Name=NetU1_2
Change Net Name : Old Net Name=NetU1_19 New Net Name=NetU2_19
Added Member To Class: ClassName=Schematic Member=Component P8 125-1075
