Removed Pin From Net: NetName=3.3V Pin=Q1-G
Removed Pin From Net: NetName=FAN LED CP Pin=Q1-S
Removed Pin From Net: NetName=3.3V Pin=Q2-G
Removed Pin From Net: NetName=FAN LED LE Pin=Q2-S
Removed Pin From Net: NetName=3.3V Pin=Q3-G
Removed Pin From Net: NetName=FAN LED DATA Pin=Q3-S
Removed Pin From Net: NetName=3.3V Pin=Q5-G
Removed Pin From Net: NetName=FAN LED OE Pin=Q5-S
Removed Pin From Net: NetName=5V Pin=R9-2
Removed Pin From Net: NetName=FAN LED CP Pin=R10-1
Removed Pin From Net: NetName=3.3V Pin=R10-2
Removed Pin From Net: NetName=5V Pin=R18-2
Removed Pin From Net: NetName=FAN LED LE Pin=R19-1
Removed Pin From Net: NetName=3.3V Pin=R19-2
Removed Pin From Net: NetName=5V Pin=R23-2
Removed Pin From Net: NetName=FAN LED DATA Pin=R24-1
Removed Pin From Net: NetName=3.3V Pin=R24-2
Removed Pin From Net: NetName=5V Pin=R25-2
Removed Pin From Net: NetName=FAN LED OE Pin=R26-1
Removed Pin From Net: NetName=3.3V Pin=R26-2
Removed Member From Class: ClassName=Schematic Member=Q1
Removed Member From Class: ClassName=Schematic Member=Q2
Removed Member From Class: ClassName=Schematic Member=Q3
Removed Member From Class: ClassName=Schematic Member=Q5
Removed Member From Class: ClassName=Schematic Member=R9
Removed Member From Class: ClassName=Schematic Member=R10
Removed Member From Class: ClassName=Schematic Member=R18
Removed Member From Class: ClassName=Schematic Member=R19
Removed Member From Class: ClassName=Schematic Member=R23
Removed Member From Class: ClassName=Schematic Member=R24
Removed Member From Class: ClassName=Schematic Member=R25
Removed Member From Class: ClassName=Schematic Member=R26
Change Component Footprint: Designator=C12 Old Footprint=50YXF10M5X11 New Footprint=Nichon UCD0J102MNL1GS
Change Component Comment : Designator=R28 Old Comment=10kO New Comment=10kR
Change Component Comment : Designator=R32 Old Comment=10kO New Comment=10kR
Change Component Comment : Designator=R29 Old Comment=330O New Comment=330R
Added Pin To Net: NetName=NetU1_1 Pin=U1-1
Added Net: Name=NetU1_1
Added Pin To Net: NetName=NetU1_2 Pin=U1-2
Added Net: Name=NetU1_2
Added Pin To Net: NetName=NetU1_3 Pin=U1-3
Added Net: Name=NetU1_3
Added Pin To Net: NetName=NetU1_19 Pin=U1-19
Added Net: Name=NetU1_19
